0 info it worked if it ends with ok
1 verbose cli [ '/usr/local/bin/node', '/usr/local/bin/npm', 'run', 'build' ]
2 info using npm@3.9.5
3 info using node@v6.2.2
4 verbose run-script [ 'prebuild', 'build', 'postbuild' ]
5 info lifecycle react-todos@1.0.0~prebuild: react-todos@1.0.0
6 silly lifecycle react-todos@1.0.0~prebuild: no script for prebuild, continuing
7 info lifecycle react-todos@1.0.0~build: react-todos@1.0.0
8 verbose lifecycle react-todos@1.0.0~build: unsafe-perm in lifecycle true
9 verbose lifecycle react-todos@1.0.0~build: PATH: /usr/local/lib/node_modules/npm/bin/node-gyp-bin:/Users/anton/btSync/marakya/node_modules/.bin:/usr/local/bin:/usr/local/sbin:/Users/anton/.rvm/gems/ruby-2.3.0/bin:/Users/anton/.rvm/gems/ruby-2.3.0@global/bin:/Users/anton/.rvm/rubies/ruby-2.3.0/bin:/Library/Frameworks/Python.framework/Versions/3.4/bin:/usr/local/mysql/bin:/usr/local/mysql/bin:/usr/local/bin:/usr/bin:/bin:/usr/sbin:/sbin:/Users/anton/.rvm/bin
10 verbose lifecycle react-todos@1.0.0~build: CWD: /Users/anton/btSync/marakya
11 silly lifecycle react-todos@1.0.0~build: Args: [ '-c',
11 silly lifecycle   'webpack --config ./webpack.prod.config.js --progress --colors' ]
12 silly lifecycle react-todos@1.0.0~build: Returned: code: 1  signal: null
13 info lifecycle react-todos@1.0.0~build: Failed to exec build script
14 verbose stack Error: react-todos@1.0.0 build: `webpack --config ./webpack.prod.config.js --progress --colors`
14 verbose stack Exit status 1
14 verbose stack     at EventEmitter.<anonymous> (/usr/local/lib/node_modules/npm/lib/utils/lifecycle.js:245:16)
14 verbose stack     at emitTwo (events.js:106:13)
14 verbose stack     at EventEmitter.emit (events.js:191:7)
14 verbose stack     at ChildProcess.<anonymous> (/usr/local/lib/node_modules/npm/lib/utils/spawn.js:24:14)
14 verbose stack     at emitTwo (events.js:106:13)
14 verbose stack     at ChildProcess.emit (events.js:191:7)
14 verbose stack     at maybeClose (internal/child_process.js:852:16)
14 verbose stack     at Process.ChildProcess._handle.onexit (internal/child_process.js:215:5)
15 verbose pkgid react-todos@1.0.0
16 verbose cwd /Users/anton/btSync/marakya
17 error Darwin 15.6.0
18 error argv "/usr/local/bin/node" "/usr/local/bin/npm" "run" "build"
19 error node v6.2.2
20 error npm  v3.9.5
21 error code ELIFECYCLE
22 error react-todos@1.0.0 build: `webpack --config ./webpack.prod.config.js --progress --colors`
22 error Exit status 1
23 error Failed at the react-todos@1.0.0 build script 'webpack --config ./webpack.prod.config.js --progress --colors'.
23 error Make sure you have the latest version of node.js and npm installed.
23 error If you do, this is most likely a problem with the react-todos package,
23 error not with npm itself.
23 error Tell the author that this fails on your system:
23 error     webpack --config ./webpack.prod.config.js --progress --colors
23 error You can get information on how to open an issue for this project with:
23 error     npm bugs react-todos
23 error Or if that isn't available, you can get their info via:
23 error     npm owner ls react-todos
23 error There is likely additional logging output above.
24 verbose exit [ 1, true ]
